<?xml version="1.0" encoding="UTF-8" standalone="no"?>
<!DOCTYPE log SYSTEM "logger.dtd">
<log>
<record>
  <date>2017-11-28T13:31:12</date>
  <millis>1511897472457</millis>
  <sequence>1</sequence>
  <logger>buckets.watcher</logger>
  <level>INFO</level>
  <class>buckets.Watcher</class>
  <method>start</method>
  <thread>1</thread>
  <message>watching directories</message>
</record>
<record>
  <date>2017-11-28T13:32:43</date>
  <millis>1511897563224</millis>
  <sequence>2</sequence>
  <logger>buckets.watcher</logger>
  <level>INFO</level>
  <class>buckets.Watcher</class>
  <method>stop</method>
  <thread>19</thread>
  <message>stopping</message>
</record>
</log>
